<?xml version="1.0" encoding="UTF-8"?>
<testsuite xmlns:xsi="http://www.w3.org/2001/XMLSchema-instance" xsi:noNamespaceSchemaLocation="https://maven.apache.org/surefire/maven-surefire-plugin/xsd/surefire-test-report-3.0.xsd" version="3.0" name="TestSuite" time="50.442" tests="7" errors="0" skipped="0" failures="0">
  <properties>
[...]
</properties>
  <testcase name="runScenario[&quot;Checking Weather Working Day or not&quot;, &quot;Optional[Final Assignment]&quot;](1)" classname="CucumberOptions.TestRunner" time="0.485">
    <system-out><![CDATA[[TestNGContentHandler] [WARN] It is strongly recommended to add "<!DOCTYPE suite SYSTEM "https://testng.org/testng-1.0.dtd" >" at the top of your file, otherwise TestNG may fail or not work as expected.
check if the current date is a working day
2021-02-25 Today is Working Day

]]></system-out>
  </testcase>
  <testcase name="runScenario[&quot;Arranging the Given string into Alphabetical Order&quot;, &quot;Optional[Final Assignment]&quot;](2)" classname="CucumberOptions.TestRunner" time="0.016">
    <system-out><![CDATA[Arrange characters of String in alphabetical order
given string is Helloworld
String After arranging in Assending order nd removing duplicates deHlorw

]]></system-out>
  </testcase>
  <testcase name="runScenario[&quot;Ganerate Random Date within Specified Range&quot;, &quot;Optional[Final Assignment]&quot;](3)" classname="CucumberOptions.TestRunner" time="0.301">
    <system-out><![CDATA[generate any random future date within specified range of weeks.
Randome Date with in 3 weeks: 2021-03-02

]]></system-out>
  </testcase>
  <testcase name="runScenario[&quot;Ganerate Random Date within Specified Range&quot;, &quot;Optional[Final Assignment]&quot;](4)" classname="CucumberOptions.TestRunner" time="0">
    <system-out><![CDATA[generate any random future date of week day within specified range of weeks o
2021-03-11 THURSDAY

]]></system-out>
  </testcase>
  <testcase name="runScenario[&quot;Select Given Date if it is current or future date&quot;, &quot;Optional[Final Assignment]&quot;](5)" classname="CucumberOptions.TestRunner" time="24.706">
    <system-out><![CDATA[select current / future date in date picker element

]]></system-out>
    <system-err><![CDATA[Starting ChromeDriver 87.0.4280.88 (89e2380a3e36c3464b5dd1302349b1382549290d-refs/branch-heads/4280@{#1761}) on port 10941
Only local connections are allowed.
Please see https://chromedriver.chromium.org/security-considerations for suggestions on keeping ChromeDriver safe.
ChromeDriver was started successfully.
[1614267492.778][WARNING]: This version of ChromeDriver has not been tested with Chrome version 88.
Feb 25, 2021 9:08:15 PM org.openqa.selenium.remote.ProtocolHandshake createSession
INFO: Detected dialect: W3C
]]></system-err>
  </testcase>
  <testcase name="runScenario[&quot;Print All the values from WebTable&quot;, &quot;Optional[Final Assignment]&quot;](6)" classname="CucumberOptions.TestRunner" time="21.44">
    <system-out><![CDATA[print all the values present in a web table
Company                            Contact                            Country                            
Alfreds Futterkiste                Maria Anders                       Germany                            
Centro comercial Moctezuma         Francisco Chang                    Mexico                             
Ernst Handel                       Roland Mendel                      Austria                            
Island Trading                     Helen Bennett                      UK                                 
Laughing Bacchus Winecellars       Yoshi Tannamuri                    Canada                             
Magazzini Alimentari Riuniti       Giovanni Rovelli                   Italy                              

]]></system-out>
    <system-err><![CDATA[Starting ChromeDriver 87.0.4280.88 (89e2380a3e36c3464b5dd1302349b1382549290d-refs/branch-heads/4280@{#1761}) on port 8835
Only local connections are allowed.
Please see https://chromedriver.chromium.org/security-considerations for suggestions on keeping ChromeDriver safe.
ChromeDriver was started successfully.
[1614267511.189][WARNING]: This version of ChromeDriver has not been tested with Chrome version 88.
Feb 25, 2021 9:08:32 PM org.openqa.selenium.remote.ProtocolHandshake createSession
INFO: Detected dialect: W3C
]]></system-err>
  </testcase>
  <testcase name="runScenario[&quot;Print First Given N Numbers By Replacing 5 Multiples with fizz and 7 Multiples Buzz and 5&amp;7 common multiples with Fizzbuzz&quot;, &quot;Optional[Final Assignment]&quot;](7)" classname="CucumberOptions.TestRunner" time="0.003">
    <system-out><![CDATA[print first given N numbers in console. If the number is multiple of 5, it should print fizz. If the number is multiple of 7, it should print buzz. If the number is mutliple of both 5 and 7, it should print fizzbuzz.
1
2
3
4
fizz
6
Buzz
8
9
fizz
11
12
13
Buzz
fizz
16
17
18
19
fizz
Buzz
22
23
24
fizz
26
27
Buzz
29
fizz
31
32
33
34
FizzBuzz
36
37
38
39
fizz
]]></system-out>
  </testcase>
</testsuite>